<?xml version="1.0" encoding="UTF-8"?>
<!-- Generated by org.testng.reporters.JUnitReportReporter -->
<testsuite skipped="0" hostname="DESKTOP-PTINUE1" name="com.class01.TestNGDemo" tests="3" failures="0" timestamp="2020-05-19T17:15:39 MDT" time="0.020" errors="0">
  <testcase name="testThree" time="0.003" classname="com.class01.TestNGDemo"/>
  <system-out/>
  <testcase name="testOne" time="0.016" classname="com.class01.TestNGDemo"/>
  <system-out/>
  <testcase name="testTwo" time="0.001" classname="com.class01.TestNGDemo"/>
  <system-out/>
</testsuite> <!-- com.class01.TestNGDemo -->
