<?xml version="1.0" encoding="UTF-8"?>
<!-- Generated by org.testng.reporters.JUnitReportReporter -->
<testsuite skipped="0" hostname="DESKTOP-PTINUE1" name="com.turkish.dataProviderRecap" tests="3" failures="0" timestamp="2020-05-21T02:24:33 MDT" time="49.434" errors="0">
  <testcase name="AddingMultipleEmployee" time="16.204" classname="com.turkish.dataProviderRecap"/>
  <system-out/>
  <testcase name="AddingMultipleEmployee" time="16.329" classname="com.turkish.dataProviderRecap"/>
  <system-out/>
  <testcase name="AddingMultipleEmployee" time="16.901" classname="com.turkish.dataProviderRecap"/>
  <system-out/>
</testsuite> <!-- com.turkish.dataProviderRecap -->
