<?xml version="1.0" encoding="UTF-8"?>
<!-- Generated by org.testng.reporters.JUnitReportReporter -->
<testsuite skipped="0" hostname="DESKTOP-PTINUE1" name="com.class01.TitleLogoAndLoginValidation" tests="3" failures="0" timestamp="2020-05-19T19:49:22 MDT" time="23.687" errors="0">
  <testcase name="validLogin" time="9.077" classname="com.class01.TitleLogoAndLoginValidation"/>
  <system-out/>
  <testcase name="logoValidation" time="7.154" classname="com.class01.TitleLogoAndLoginValidation"/>
  <system-out/>
  <testcase name="titleValidation" time="7.456" classname="com.class01.TitleLogoAndLoginValidation"/>
  <system-out/>
</testsuite> <!-- com.class01.TitleLogoAndLoginValidation -->
