<?xml version="1.0" encoding="UTF-8"?>
<!-- Generated by org.testng.reporters.JUnitReportReporter -->
<testsuite skipped="0" hostname="DESKTOP-PTINUE1" name="com.class01.task1" tests="3" failures="0" timestamp="2020-05-19T18:58:56 MDT" time="0.019" errors="0">
  <testcase name="test1" time="0.014" classname="com.class01.task1"/>
  <system-out/>
  <testcase name="test3" time="0.002" classname="com.class01.task1"/>
  <system-out/>
  <testcase name="test2" time="0.003" classname="com.class01.task1"/>
  <system-out/>
</testsuite> <!-- com.class01.task1 -->
