<?xml version="1.0" encoding="UTF-8"?>
<!-- Generated by org.testng.reporters.JUnitReportReporter -->
<testsuite skipped="0" hostname="DESKTOP-PTINUE1" name="com.class01.DifferentannotaionsDemo" tests="2" failures="0" timestamp="2020-05-21T00:21:08 MDT" time="0.007" errors="0">
  <testcase name="testB" time="0.001" classname="com.class01.DifferentannotaionsDemo"/>
  <system-out/>
  <testcase name="testA" time="0.006" classname="com.class01.DifferentannotaionsDemo"/>
  <system-out/>
</testsuite> <!-- com.class01.DifferentannotaionsDemo -->
