<?xml version="1.0" encoding="UTF-8"?>
<!-- Generated by org.testng.reporters.JUnitReportReporter -->
<testsuite skipped="0" hostname="DESKTOP-PTINUE1" name="com.test.AselTask" tests="1" failures="0" timestamp="2020-05-26T00:15:12 MDT" time="14.398" errors="0">
  <testcase name="Requiredmessage" time="14.398" classname="com.test.AselTask"/>
  <system-out/>
</testsuite> <!-- com.test.AselTask -->
