<?xml version="1.0" encoding="UTF-8"?>
<!-- Generated by org.testng.reporters.JUnitReportReporter -->
<testsuite skipped="0" hostname="DESKTOP-PTINUE1" name="com.class02.Task2" tests="1" failures="0" timestamp="2020-05-24T00:59:00 MDT" time="6.629" errors="0">
  <testcase name="Logo" time="6.629" classname="com.class02.Task2"/>
  <system-out/>
</testsuite> <!-- com.class02.Task2 -->
