<?xml version="1.0" encoding="UTF-8"?>
<!-- Generated by org.testng.reporters.JUnitReportReporter -->
<testsuite skipped="0" hostname="DESKTOP-PTINUE1" name="com.class02.HRMSAddEmployee" tests="2" failures="0" timestamp="2020-05-24T00:59:00 MDT" time="39.060" errors="0">
  <testcase name="DisplayFunction" time="17.792" classname="com.class02.HRMSAddEmployee"/>
  <system-out/>
  <testcase name="AddEmployee" time="21.268" classname="com.class02.HRMSAddEmployee"/>
  <system-out/>
</testsuite> <!-- com.class02.HRMSAddEmployee -->
