<?xml version="1.0" encoding="UTF-8"?>
<!-- Generated by org.testng.reporters.JUnitReportReporter -->
<testsuite skipped="0" hostname="DESKTOP-PTINUE1" name="com.test.SauceDemoTest" tests="4" failures="0" timestamp="2020-05-28T18:10:41 MDT" time="31.565" errors="0">
  <testcase name="logintosauceDemo" time="7.124" classname="com.test.SauceDemoTest"/>
  <system-out/>
  <testcase name="logintosauceDemo" time="7.314" classname="com.test.SauceDemoTest"/>
  <system-out/>
  <testcase name="logintosauceDemo" time="9.978" classname="com.test.SauceDemoTest"/>
  <system-out/>
  <testcase name="logintosauceDemo" time="7.149" classname="com.test.SauceDemoTest"/>
  <system-out/>
</testsuite> <!-- com.test.SauceDemoTest -->
