<?xml version="1.0" encoding="UTF-8"?>
<!-- Generated by org.testng.reporters.JUnitReportReporter -->
<testsuite skipped="0" hostname="DESKTOP-PTINUE1" name="com.class02.AssertionDemo" tests="2" failures="0" timestamp="2020-05-24T00:59:00 MDT" time="12.816" errors="0">
  <testcase name="TitleValidation" time="6.430" classname="com.class02.AssertionDemo"/>
  <system-out/>
  <testcase name="logoValidation" time="6.386" classname="com.class02.AssertionDemo"/>
  <system-out/>
</testsuite> <!-- com.class02.AssertionDemo -->
