<?xml version="1.0" encoding="UTF-8"?>
<!-- Generated by org.testng.reporters.JUnitReportReporter -->
<testsuite skipped="0" hostname="DESKTOP-PTINUE1" name="com.class02.HomeworkOnceki" tests="5" failures="0" timestamp="2020-05-24T00:59:00 MDT" time="0.005" errors="0">
  <testcase name="firstMethod1" time="0.001" classname="com.class02.HomeworkOnceki"/>
  <system-out/>
  <testcase name="thirdMethod" time="0.001" classname="com.class02.HomeworkOnceki"/>
  <system-out/>
  <testcase name="secondMethod" time="0.001" classname="com.class02.HomeworkOnceki"/>
  <system-out/>
  <testcase name="firstMethod" time="0.001" classname="com.class02.HomeworkOnceki"/>
  <system-out/>
  <testcase name="fouthMethod" time="0.001" classname="com.class02.HomeworkOnceki"/>
  <system-out/>
</testsuite> <!-- com.class02.HomeworkOnceki -->
