<?xml version="1.0" encoding="UTF-8"?>
<!-- Generated by org.testng.reporters.JUnitReportReporter -->
<testsuite skipped="0" hostname="DESKTOP-PTINUE1" name="com.pages.OrangeHrmAliBey" tests="1" failures="0" timestamp="2020-05-21T00:13:59 MDT" time="7.724" errors="0">
  <testcase name="titleValidation" time="7.724" classname="com.pages.OrangeHrmAliBey"/>
  <system-out/>
</testsuite> <!-- com.pages.OrangeHrmAliBey -->
