<?xml version="1.0" encoding="UTF-8"?>
<!-- Generated by org.testng.reporters.JUnitReportReporter -->
<testsuite skipped="0" hostname="DESKTOP-PTINUE1" name="com.review01.sauceParameterDemo" tests="1" failures="0" timestamp="2020-05-28T22:48:32 MDT" time="8.541" errors="0">
  <testcase name="logintosauceDemo" time="8.541" classname="com.review01.sauceParameterDemo"/>
  <system-out/>
</testsuite> <!-- com.review01.sauceParameterDemo -->
